{"E:\\React\\blinkist\\src\\Components\\organisms\\Card\\index.tsx": {"path":"E:\\React\\blinkist\\src\\Components\\organisms\\Card\\index.tsx","statementMap":{"0":{"start":{"line":16,"column":13},"end":{"line":56,"column":1}},"1":{"start":{"line":58,"column":22},"end":{"line":115,"column":1}},"2":{"start":{"line":59,"column":40},"end":{"line":59,"column":55}},"3":{"start":{"line":60,"column":54},"end":{"line":60,"column":73}},"4":{"start":{"line":61,"column":31},"end":{"line":63,"column":5}},"5":{"start":{"line":62,"column":8},"end":{"line":62,"column":34}},"6":{"start":{"line":64,"column":4},"end":{"line":114,"column":6}},"7":{"start":{"line":100,"column":24},"end":{"line":100,"column":68}}},"fnMap":{"0":{"name":"(anonymous_0)","decl":{"start":{"line":58,"column":22},"end":{"line":58,"column":23}},"loc":{"start":{"line":58,"column":150},"end":{"line":115,"column":1}},"line":58},"1":{"name":"(anonymous_1)","decl":{"start":{"line":61,"column":31},"end":{"line":61,"column":32}},"loc":{"start":{"line":61,"column":35},"end":{"line":63,"column":5}},"line":61},"2":{"name":"(anonymous_2)","decl":{"start":{"line":99,"column":34},"end":{"line":99,"column":35}},"loc":{"start":{"line":100,"column":24},"end":{"line":100,"column":68}},"line":100}},"branchMap":{"0":{"loc":{"start":{"line":58,"column":62},"end":{"line":58,"column":88}},"type":"default-arg","locations":[{"start":{"line":58,"column":73},"end":{"line":58,"column":88}}],"line":58},"1":{"loc":{"start":{"line":67,"column":36},"end":{"line":67,"column":100}},"type":"cond-expr","locations":[{"start":{"line":67,"column":63},"end":{"line":67,"column":90}},{"start":{"line":67,"column":93},"end":{"line":67,"column":100}}],"line":67},"2":{"loc":{"start":{"line":67,"column":36},"end":{"line":67,"column":60}},"type":"binary-expr","locations":[{"start":{"line":67,"column":36},"end":{"line":67,"column":46}},{"start":{"line":67,"column":50},"end":{"line":67,"column":60}}],"line":67},"3":{"loc":{"start":{"line":74,"column":40},"end":{"line":74,"column":104}},"type":"cond-expr","locations":[{"start":{"line":74,"column":67},"end":{"line":74,"column":94}},{"start":{"line":74,"column":97},"end":{"line":74,"column":104}}],"line":74},"4":{"loc":{"start":{"line":74,"column":40},"end":{"line":74,"column":64}},"type":"binary-expr","locations":[{"start":{"line":74,"column":40},"end":{"line":74,"column":50}},{"start":{"line":74,"column":54},"end":{"line":74,"column":64}}],"line":74},"5":{"loc":{"start":{"line":92,"column":17},"end":{"line":92,"column":130}},"type":"cond-expr","locations":[{"start":{"line":92,"column":37},"end":{"line":92,"column":125}},{"start":{"line":92,"column":128},"end":{"line":92,"column":130}}],"line":92},"6":{"loc":{"start":{"line":96,"column":17},"end":{"line":110,"column":26}},"type":"cond-expr","locations":[{"start":{"line":97,"column":20},"end":{"line":97,"column":79}},{"start":{"line":99,"column":20},"end":{"line":110,"column":26}}],"line":96},"7":{"loc":{"start":{"line":103,"column":34},"end":{"line":103,"column":67}},"type":"cond-expr","locations":[{"start":{"line":103,"column":48},"end":{"line":103,"column":57}},{"start":{"line":103,"column":60},"end":{"line":103,"column":67}}],"line":103},"8":{"loc":{"start":{"line":104,"column":44},"end":{"line":104,"column":76}},"type":"cond-expr","locations":[{"start":{"line":104,"column":57},"end":{"line":104,"column":66}},{"start":{"line":104,"column":69},"end":{"line":104,"column":76}}],"line":104}},"s":{"0":1,"1":1,"2":1,"3":1,"4":1,"5":0,"6":1,"7":0},"f":{"0":1,"1":0,"2":0},"b":{"0":[0],"1":[0,1],"2":[1,1],"3":[0,1],"4":[1,1],"5":[0,1],"6":[0,1],"7":[1,0],"8":[0,1]},"_coverageSchema":"1a1c01bbd47fc00a2c39e90264f33305004495a9","hash":"f29efa11e4a423b23aef02de5a9ca0ac5af42d9a"}
}
