{"E:\\React\\blinkist\\src\\App.tsx": {"path":"E:\\React\\blinkist\\src\\App.tsx","statementMap":{"0":{"start":{"line":14,"column":2},"end":{"line":22,"column":4}}},"fnMap":{"0":{"name":"App","decl":{"start":{"line":13,"column":9},"end":{"line":13,"column":12}},"loc":{"start":{"line":13,"column":15},"end":{"line":23,"column":1}},"line":13}},"branchMap":{},"s":{"0":1},"f":{"0":1},"b":{},"_coverageSchema":"1a1c01bbd47fc00a2c39e90264f33305004495a9","hash":"c87dd627e1257e615307fb2c4e20b8453326af1b"}
,"E:\\React\\blinkist\\src\\Components\\Template\\TemplateComponent.tsx": {"path":"E:\\React\\blinkist\\src\\Components\\Template\\TemplateComponent.tsx","statementMap":{"0":{"start":{"line":13,"column":26},"end":{"line":79,"column":1}},"1":{"start":{"line":14,"column":46},"end":{"line":14,"column":70}},"2":{"start":{"line":15,"column":42},"end":{"line":15,"column":66}},"3":{"start":{"line":16,"column":30},"end":{"line":19,"column":5}},"4":{"start":{"line":17,"column":8},"end":{"line":17,"column":41}},"5":{"start":{"line":18,"column":8},"end":{"line":18,"column":39}},"6":{"start":{"line":20,"column":30},"end":{"line":20,"column":49}},"7":{"start":{"line":21,"column":28},"end":{"line":21,"column":47}},"8":{"start":{"line":22,"column":34},"end":{"line":22,"column":53}},"9":{"start":{"line":23,"column":4},"end":{"line":36,"column":11}},"10":{"start":{"line":24,"column":26},"end":{"line":34,"column":9}},"11":{"start":{"line":25,"column":27},"end":{"line":25,"column":69}},"12":{"start":{"line":26,"column":24},"end":{"line":26,"column":45}},"13":{"start":{"line":27,"column":12},"end":{"line":27,"column":27}},"14":{"start":{"line":28,"column":12},"end":{"line":28,"column":68}},"15":{"start":{"line":29,"column":27},"end":{"line":29,"column":48}},"16":{"start":{"line":30,"column":12},"end":{"line":30,"column":33}},"17":{"start":{"line":31,"column":12},"end":{"line":31,"column":66}},"18":{"start":{"line":32,"column":25},"end":{"line":32,"column":46}},"19":{"start":{"line":33,"column":12},"end":{"line":33,"column":29}},"20":{"start":{"line":35,"column":8},"end":{"line":35,"column":20}},"21":{"start":{"line":38,"column":4},"end":{"line":78,"column":5}}},"fnMap":{"0":{"name":"(anonymous_0)","decl":{"start":{"line":13,"column":26},"end":{"line":13,"column":27}},"loc":{"start":{"line":13,"column":32},"end":{"line":79,"column":1}},"line":13},"1":{"name":"(anonymous_1)","decl":{"start":{"line":16,"column":30},"end":{"line":16,"column":31}},"loc":{"start":{"line":16,"column":36},"end":{"line":19,"column":5}},"line":16},"2":{"name":"(anonymous_2)","decl":{"start":{"line":23,"column":14},"end":{"line":23,"column":15}},"loc":{"start":{"line":23,"column":20},"end":{"line":36,"column":5}},"line":23},"3":{"name":"(anonymous_3)","decl":{"start":{"line":24,"column":26},"end":{"line":24,"column":27}},"loc":{"start":{"line":24,"column":38},"end":{"line":34,"column":9}},"line":24}},"branchMap":{"0":{"loc":{"start":{"line":39,"column":8},"end":{"line":77,"column":14}},"type":"cond-expr","locations":[{"start":{"line":41,"column":8},"end":{"line":43,"column":20}},{"start":{"line":45,"column":8},"end":{"line":77,"column":14}}],"line":39},"1":{"loc":{"start":{"line":39,"column":9},"end":{"line":39,"column":36}},"type":"binary-expr","locations":[{"start":{"line":39,"column":9},"end":{"line":39,"column":14}},{"start":{"line":39,"column":18},"end":{"line":39,"column":26}},{"start":{"line":39,"column":30},"end":{"line":39,"column":36}}],"line":39},"2":{"loc":{"start":{"line":72,"column":21},"end":{"line":72,"column":53}},"type":"cond-expr","locations":[{"start":{"line":72,"column":37},"end":{"line":72,"column":48}},{"start":{"line":72,"column":51},"end":{"line":72,"column":53}}],"line":72},"3":{"loc":{"start":{"line":76,"column":13},"end":{"line":76,"column":40}},"type":"cond-expr","locations":[{"start":{"line":76,"column":27},"end":{"line":76,"column":35}},{"start":{"line":76,"column":38},"end":{"line":76,"column":40}}],"line":76}},"s":{"0":2,"1":2,"2":2,"3":2,"4":0,"5":0,"6":2,"7":2,"8":2,"9":2,"10":0,"11":0,"12":0,"13":0,"14":0,"15":0,"16":0,"17":0,"18":0,"19":0,"20":0,"21":2},"f":{"0":2,"1":0,"2":0,"3":0},"b":{"0":[2,0],"1":[2,0,0],"2":[0,0],"3":[0,0]},"_coverageSchema":"1a1c01bbd47fc00a2c39e90264f33305004495a9","hash":"1a9b70f63205029f7398e960d382691eceaf1e2a"}
,"E:\\React\\blinkist\\src\\Components\\pages\\EntrepreneurPage\\index.tsx": {"path":"E:\\React\\blinkist\\src\\Components\\pages\\EntrepreneurPage\\index.tsx","statementMap":{"0":{"start":{"line":11,"column":18},"end":{"line":33,"column":2}},"1":{"start":{"line":36,"column":25},"end":{"line":114,"column":1}},"2":{"start":{"line":37,"column":20},"end":{"line":37,"column":31}},"3":{"start":{"line":38,"column":27},"end":{"line":49,"column":5}},"4":{"start":{"line":39,"column":22},"end":{"line":46,"column":9}},"5":{"start":{"line":40,"column":12},"end":{"line":44,"column":13}},"6":{"start":{"line":41,"column":16},"end":{"line":43,"column":17}},"7":{"start":{"line":42,"column":20},"end":{"line":42,"column":72}},"8":{"start":{"line":45,"column":12},"end":{"line":45,"column":35}},"9":{"start":{"line":47,"column":25},"end":{"line":47,"column":58}},"10":{"start":{"line":48,"column":8},"end":{"line":48,"column":78}},"11":{"start":{"line":51,"column":27},"end":{"line":72,"column":5}},"12":{"start":{"line":52,"column":8},"end":{"line":71,"column":11}},"13":{"start":{"line":53,"column":12},"end":{"line":56,"column":15}},"14":{"start":{"line":57,"column":12},"end":{"line":57,"column":32}},"15":{"start":{"line":58,"column":12},"end":{"line":58,"column":32}},"16":{"start":{"line":59,"column":22},"end":{"line":65,"column":14}},"17":{"start":{"line":66,"column":12},"end":{"line":66,"column":36}},"18":{"start":{"line":68,"column":16},"end":{"line":68,"column":37}},"19":{"start":{"line":69,"column":16},"end":{"line":69,"column":102}},"20":{"start":{"line":69,"column":77},"end":{"line":69,"column":99}},"21":{"start":{"line":70,"column":16},"end":{"line":70,"column":27}},"22":{"start":{"line":73,"column":4},"end":{"line":113,"column":6}},"23":{"start":{"line":81,"column":20},"end":{"line":108,"column":26}},"24":{"start":{"line":90,"column":40},"end":{"line":90,"column":70}},"25":{"start":{"line":91,"column":58},"end":{"line":91,"column":85}},"26":{"start":{"line":92,"column":40},"end":{"line":104,"column":42}}},"fnMap":{"0":{"name":"(anonymous_0)","decl":{"start":{"line":36,"column":25},"end":{"line":36,"column":26}},"loc":{"start":{"line":36,"column":96},"end":{"line":114,"column":1}},"line":36},"1":{"name":"(anonymous_1)","decl":{"start":{"line":38,"column":27},"end":{"line":38,"column":28}},"loc":{"start":{"line":38,"column":41},"end":{"line":49,"column":5}},"line":38},"2":{"name":"(anonymous_2)","decl":{"start":{"line":39,"column":22},"end":{"line":39,"column":23}},"loc":{"start":{"line":39,"column":36},"end":{"line":46,"column":9}},"line":39},"3":{"name":"(anonymous_3)","decl":{"start":{"line":51,"column":27},"end":{"line":51,"column":28}},"loc":{"start":{"line":51,"column":68},"end":{"line":72,"column":5}},"line":51},"4":{"name":"(anonymous_4)","decl":{"start":{"line":69,"column":59},"end":{"line":69,"column":60}},"loc":{"start":{"line":69,"column":77},"end":{"line":69,"column":99}},"line":69},"5":{"name":"(anonymous_5)","decl":{"start":{"line":80,"column":25},"end":{"line":80,"column":26}},"loc":{"start":{"line":80,"column":37},"end":{"line":109,"column":17}},"line":80},"6":{"name":"(anonymous_6)","decl":{"start":{"line":89,"column":51},"end":{"line":89,"column":52}},"loc":{"start":{"line":89,"column":69},"end":{"line":105,"column":37}},"line":89}},"branchMap":{"0":{"loc":{"start":{"line":41,"column":16},"end":{"line":43,"column":17}},"type":"if","locations":[{"start":{"line":41,"column":16},"end":{"line":43,"column":17}},{"start":{},"end":{}}],"line":41},"1":{"loc":{"start":{"line":48,"column":15},"end":{"line":48,"column":77}},"type":"cond-expr","locations":[{"start":{"line":48,"column":35},"end":{"line":48,"column":45}},{"start":{"line":48,"column":48},"end":{"line":48,"column":77}}],"line":48},"2":{"loc":{"start":{"line":87,"column":32},"end":{"line":105,"column":38}},"type":"cond-expr","locations":[{"start":{"line":88,"column":33},"end":{"line":88,"column":53}},{"start":{"line":89,"column":36},"end":{"line":105,"column":38}}],"line":87}},"s":{"0":3,"1":3,"2":1,"3":1,"4":1,"5":1,"6":0,"7":0,"8":0,"9":1,"10":0,"11":1,"12":0,"13":0,"14":0,"15":0,"16":0,"17":0,"18":0,"19":0,"20":0,"21":0,"22":1,"23":1,"24":1,"25":1,"26":0},"f":{"0":1,"1":1,"2":1,"3":0,"4":0,"5":1,"6":1},"b":{"0":[0,0],"1":[0,0],"2":[0,1]},"_coverageSchema":"1a1c01bbd47fc00a2c39e90264f33305004495a9","hash":"8c99021c66406b46a1199e172625e35b8b4cdf5e"}
,"E:\\React\\blinkist\\src\\Components\\pages\\MyLibrary\\index.tsx": {"path":"E:\\React\\blinkist\\src\\Components\\pages\\MyLibrary\\index.tsx","statementMap":{"0":{"start":{"line":11,"column":17},"end":{"line":17,"column":2}},"1":{"start":{"line":19,"column":18},"end":{"line":96,"column":1}},"2":{"start":{"line":20,"column":20},"end":{"line":20,"column":30}},"3":{"start":{"line":21,"column":15},"end":{"line":21,"column":22}},"4":{"start":{"line":23,"column":20},"end":{"line":32,"column":5}},"5":{"start":{"line":33,"column":38},"end":{"line":33,"column":64}},"6":{"start":{"line":34,"column":24},"end":{"line":36,"column":5}},"7":{"start":{"line":35,"column":8},"end":{"line":35,"column":28}},"8":{"start":{"line":38,"column":18},"end":{"line":78,"column":5}},"9":{"start":{"line":40,"column":8},"end":{"line":77,"column":9}},"10":{"start":{"line":41,"column":12},"end":{"line":41,"column":40}},"11":{"start":{"line":44,"column":12},"end":{"line":76,"column":13}},"12":{"start":{"line":45,"column":16},"end":{"line":59,"column":18}},"13":{"start":{"line":46,"column":35},"end":{"line":46,"column":66}},"14":{"start":{"line":47,"column":20},"end":{"line":58,"column":22}},"15":{"start":{"line":61,"column":16},"end":{"line":75,"column":19}},"16":{"start":{"line":62,"column":35},"end":{"line":62,"column":66}},"17":{"start":{"line":63,"column":20},"end":{"line":74,"column":22}},"18":{"start":{"line":83,"column":4},"end":{"line":95,"column":6}}},"fnMap":{"0":{"name":"(anonymous_0)","decl":{"start":{"line":19,"column":18},"end":{"line":19,"column":19}},"loc":{"start":{"line":19,"column":65},"end":{"line":96,"column":1}},"line":19},"1":{"name":"(anonymous_1)","decl":{"start":{"line":34,"column":24},"end":{"line":34,"column":25}},"loc":{"start":{"line":34,"column":42},"end":{"line":36,"column":5}},"line":34},"2":{"name":"(anonymous_2)","decl":{"start":{"line":38,"column":18},"end":{"line":38,"column":19}},"loc":{"start":{"line":38,"column":24},"end":{"line":78,"column":5}},"line":38},"3":{"name":"(anonymous_3)","decl":{"start":{"line":45,"column":49},"end":{"line":45,"column":50}},"loc":{"start":{"line":45,"column":63},"end":{"line":59,"column":17}},"line":45},"4":{"name":"(anonymous_4)","decl":{"start":{"line":61,"column":45},"end":{"line":61,"column":46}},"loc":{"start":{"line":61,"column":59},"end":{"line":75,"column":17}},"line":61}},"branchMap":{"0":{"loc":{"start":{"line":40,"column":8},"end":{"line":77,"column":9}},"type":"if","locations":[{"start":{"line":40,"column":8},"end":{"line":77,"column":9}},{"start":{"line":43,"column":13},"end":{"line":77,"column":9}}],"line":40},"1":{"loc":{"start":{"line":44,"column":12},"end":{"line":76,"column":13}},"type":"if","locations":[{"start":{"line":44,"column":12},"end":{"line":76,"column":13}},{"start":{"line":60,"column":17},"end":{"line":76,"column":13}}],"line":44},"2":{"loc":{"start":{"line":47,"column":27},"end":{"line":58,"column":22}},"type":"binary-expr","locations":[{"start":{"line":47,"column":27},"end":{"line":47,"column":35}},{"start":{"line":47,"column":39},"end":{"line":58,"column":22}}],"line":47}},"s":{"0":3,"1":3,"2":1,"3":1,"4":1,"5":1,"6":1,"7":0,"8":1,"9":1,"10":0,"11":1,"12":1,"13":0,"14":0,"15":0,"16":0,"17":0,"18":1},"f":{"0":1,"1":0,"2":1,"3":0,"4":0},"b":{"0":[0,1],"1":[1,0],"2":[0,0]},"_coverageSchema":"1a1c01bbd47fc00a2c39e90264f33305004495a9","hash":"19f5f99b29841ffce2187987503e7c1d19b5faca"}
}
