TN:
SF:src\Components\molecules\Logo\index.tsx
FN:4,(anonymous_0)
FNF:1
FNH:1
FNDA:2,(anonymous_0)
DA:4,3
DA:5,2
LF:2
LH:2
BRDA:4,0,0,0
BRF:1
BRH:0
end_of_record
TN:
SF:src\Components\organisms\Explorer\index.tsx
FN:51,(anonymous_0)
FN:71,(anonymous_1)
FN:202,(anonymous_2)
FNF:3
FNH:2
FNDA:2,(anonymous_0)
FNDA:0,(anonymous_1)
FNDA:26,(anonymous_2)
DA:16,2
DA:51,2
DA:54,2
DA:55,1
DA:70,1
DA:71,1
DA:72,0
DA:75,1
DA:182,1
DA:203,26
LF:10
LH:9
BRF:0
BRH:0
end_of_record
TN:
SF:src\Components\organisms\Footer\index.tsx
FN:5,(anonymous_0)
FN:55,(anonymous_1)
FN:63,(anonymous_2)
FNF:3
FNH:3
FNDA:2,(anonymous_0)
FNDA:6,(anonymous_1)
FNDA:24,(anonymous_2)
DA:5,2
DA:6,2
DA:35,2
DA:56,6
DA:64,24
LF:5
LH:5
BRF:0
BRH:0
end_of_record
